c:\users\anama\onedrive\desktop\pg\proiect\hellowindow\hellowindow\x64\release\vc142.pdb
c:\users\anama\onedrive\desktop\pg\proiect\hellowindow\hellowindow\x64\release\window.obj
c:\users\anama\onedrive\desktop\pg\proiect\hellowindow\hellowindow\x64\release\tiny_obj_loader.obj
c:\users\anama\onedrive\desktop\pg\proiect\hellowindow\hellowindow\x64\release\stb_image.obj
c:\users\anama\onedrive\desktop\pg\proiect\hellowindow\hellowindow\x64\release\skybox.obj
c:\users\anama\onedrive\desktop\pg\proiect\hellowindow\hellowindow\x64\release\shader.obj
c:\users\anama\onedrive\desktop\pg\proiect\hellowindow\hellowindow\x64\release\model3d.obj
c:\users\anama\onedrive\desktop\pg\proiect\hellowindow\hellowindow\x64\release\mesh.obj
c:\users\anama\onedrive\desktop\pg\proiect\hellowindow\hellowindow\x64\release\main.obj
c:\users\anama\onedrive\desktop\pg\proiect\hellowindow\hellowindow\x64\release\camera.obj
c:\users\anama\onedrive\desktop\pg\proiect\hellowindow\x64\release\hellowindow.ipdb
c:\users\anama\onedrive\desktop\pg\proiect\hellowindow\x64\release\hellowindow.iobj
c:\users\anama\onedrive\desktop\pg\proiect\hellowindow\x64\release\hellowindow.exe
c:\users\anama\onedrive\desktop\pg\proiect\hellowindow\x64\release\hellowindow.pdb
c:\users\anama\onedrive\desktop\pg\proiect\hellowindow\hellowindow\x64\release\hellowindow.ipdb
c:\users\anama\onedrive\desktop\pg\proiect\hellowindow\hellowindow\x64\release\hellowindow.iobj
c:\users\anama\onedrive\desktop\pg\proiect\hellowindow\hellowindow\x64\release\hellowindow.tlog\cl.command.1.tlog
c:\users\anama\onedrive\desktop\pg\proiect\hellowindow\hellowindow\x64\release\hellowindow.tlog\cl.read.1.tlog
c:\users\anama\onedrive\desktop\pg\proiect\hellowindow\hellowindow\x64\release\hellowindow.tlog\cl.write.1.tlog
c:\users\anama\onedrive\desktop\pg\proiect\hellowindow\hellowindow\x64\release\hellowindow.tlog\hellowindow.write.1u.tlog
c:\users\anama\onedrive\desktop\pg\proiect\hellowindow\hellowindow\x64\release\hellowindow.tlog\link.command.1.tlog
c:\users\anama\onedrive\desktop\pg\proiect\hellowindow\hellowindow\x64\release\hellowindow.tlog\link.read.1.tlog
c:\users\anama\onedrive\desktop\pg\proiect\hellowindow\hellowindow\x64\release\hellowindow.tlog\link.write.1.tlog
